<?xml version="1.0" encoding="UTF-8"?>
<!-- Generated by org.testng.reporters.JUnitReportReporter -->
<testsuite skipped="0" hostname="DESKTOP-210GM47" name="selenium.TestCase" tests="2" failures="0" timestamp="2022-12-29T14:00:54 IST" time="11.773" errors="0">
  <testcase name="f" time="7.762" classname="selenium.TestCase"/>
  <system-out/>
  <testcase name="f" time="4.011" classname="selenium.TestCase"/>
  <system-out/>
</testsuite> <!-- selenium.TestCase -->
