<?xml version="1.0" encoding="UTF-8"?>
<!-- Generated by org.testng.reporters.JUnitReportReporter -->
<testsuite skipped="0" hostname="DESKTOP-210GM47" name="selenium.TestCase" tests="2" failures="0" timestamp="2022-12-29T15:12:17 IST" time="12.843" errors="0">
  <testcase name="f" time="8.300" classname="selenium.TestCase"/>
  <system-out/>
  <testcase name="f" time="4.543" classname="selenium.TestCase"/>
  <system-out/>
</testsuite> <!-- selenium.TestCase -->
